<?xml version="1.0" encoding="UTF-8"?>
<testsuite xmlns:xsi="http://www.w3.org/2001/XMLSchema-instance" xsi:noNamespaceSchemaLocation="https://maven.apache.org/surefire/maven-surefire-plugin/xsd/surefire-test-report.xsd" version="3.0.1" name="es.uva.hilos.CentralitaTest" time="33.19" tests="7" errors="0" skipped="0" failures="0">
  <properties>
[...]
</properties>
  <testcase name="testLlamadasMultiplesSimultaneas" classname="es.uva.hilos.CentralitaTest" time="3.108">
    <system-err><![CDATA[SLF4J: Class path contains multiple SLF4J bindings.
SLF4J: Found binding in [jar:file:/home/antonio_agp21/.m2/repository/uk/org/lidalia/slf4j-test/1.2.0/slf4j-test-1.2.0.jar!/org/slf4j/impl/StaticLoggerBinder.class]
SLF4J: Found binding in [jar:file:/home/antonio_agp21/.m2/repository/org/slf4j/slf4j-simple/1.7.22/slf4j-simple-1.7.22.jar!/org/slf4j/impl/StaticLoggerBinder.class]
SLF4J: See http://www.slf4j.org/codes.html#multiple_bindings for an explanation.
SLF4J: Actual binding is of type [uk.org.lidalia.slf4jtest.TestLoggerFactory]
]]></system-err>
  </testcase>
  <testcase name="testTodosEmpleadosOcupados" classname="es.uva.hilos.CentralitaTest" time="10.017"/>
  <testcase name="atiendeLlamadaCuandoSeAnadenEmpleados" classname="es.uva.hilos.CentralitaTest" time="5.006"/>
  <testcase name="testLlamadaDuracionCero" classname="es.uva.hilos.CentralitaTest" time="1.003"/>
  <testcase name="testUnEmpleadoAsincrono" classname="es.uva.hilos.CentralitaTest" time="2.004"/>
  <testcase name="testPrioridadEmpleados" classname="es.uva.hilos.CentralitaTest" time="2.004"/>
  <testcase name="seAtiendenTodasLlamadas" classname="es.uva.hilos.CentralitaTest" time="10.007"/>
</testsuite>